2018-May-15 15:40:54 Наличие необходимых модулей php (check_php_modules): Ok
Все необходимые модули установлены
2018-May-15 15:40:54 Обязательные параметры PHP (check_php_settings): Ok
Настройки правильные
2018-May-15 15:40:54 Модули веб-сервера (check_security): Ok
Конфликтов не выявлено
2018-May-15 15:40:54 Значения переменных сервера (check_server_vars): Ok
Корректные
2018-May-15 15:40:54 Сохранение сессии (check_session): Ok
50% done
2018-May-15 15:40:54 Сохранение сессии (check_session): Ok
Успешно
2018-May-15 15:40:54 Параметры настройки UTF (mbstring и константа BX_UTF) (check_mbstring): Ok
Правильные. Сайт работает в UTF кодировке
2018-May-15 15:40:54 Служебные скрипты в корне сайта (check_install_scripts): Ok
Отсутствуют
2018-May-15 15:40:55 Работа с сокетами (check_socket): Ok
Connection to ssl://sportzastava.ru:443	Success

Успешно
2018-May-15 15:40:55 Выполнение агентов на cron (check_bx_crontab): Warning
Замечание. Агенты выполняются на хитах, рекомендуется перевести выполнение агентов на cron
2018-May-15 15:40:55 Параметры подключения к базе данных (check_dbconn_settings): Ok
Успешно
2018-May-15 15:40:55 Лишний вывод в файлах конфигурации (check_dbconn): Ok
Connection to ssl://sportzastava.ru:443	Success

Успешно
2018-May-15 15:40:55 Сохранение сессии без UserAgent (check_session_ua): Ok
50% done
Connection to ssl://sportzastava.ru:443	Success

2018-May-15 15:40:55 Сохранение сессии без UserAgent (check_session_ua): Ok
Connection to ssl://sportzastava.ru:443	Success

Успешно
2018-May-15 15:40:55 Настройки сайтов (check_sites): Ok
Правильные
2018-May-15 15:40:56 Передача объектов по ссылке (check_clone): Ok
Успешно
2018-May-15 15:40:56 Размер стека и pcre.recursion_limit (check_pcre_recursion): Ok
Connection to ssl://sportzastava.ru:443	Success

Успешно
2018-May-15 15:40:56 Загрузка файла (check_upload): Ok
Connection to ssl://sportzastava.ru:443	Success

Успешно
2018-May-15 15:40:56 Загрузка файла больше 4Мб (check_upload_big): Ok
Connection to ssl://sportzastava.ru:443	Success

Успешно
2018-May-15 15:40:56 Загрузка файла через php://input (check_upload_raw): Ok
Connection to ssl://sportzastava.ru:443	Success

Успешно
2018-May-15 15:40:56 Передача POST запроса с большим числом параметров (check_post): Ok
Connection to ssl://sportzastava.ru:443	Success

Успешно
2018-May-15 15:40:57 Отправка почты (check_mail): Ok
Успешно
2018-May-15 15:40:57 Отправка почтового сообщения больше 64Кб (check_mail_big): Ok
Успешно
2018-May-15 15:40:57 Проверка на наличие неотправленных сообщений (check_mail_b_event): Ok
Успешно
2018-May-15 15:40:57 Внутреннее перенаправление (функция LocalRedirect) (check_localredirect): Ok
50% done
Connection to ssl://sportzastava.ru:443	Success

2018-May-15 15:40:57 Внутреннее перенаправление (функция LocalRedirect) (check_localredirect): Ok
Connection to ssl://sportzastava.ru:443	Success

Успешно
2018-May-15 15:40:57 Фактическое ограничение памяти (check_memory_limit): Ok
20% done
Connection to ssl://sportzastava.ru:443	Success

2018-May-15 15:40:57 Фактическое ограничение памяти (check_memory_limit): Ok
40% done
Connection to ssl://sportzastava.ru:443	Success

2018-May-15 15:40:58 Фактическое ограничение памяти (check_memory_limit): Ok
60% done
Connection to ssl://sportzastava.ru:443	Success

2018-May-15 15:40:58 Фактическое ограничение памяти (check_memory_limit): Ok
80% done
Connection to ssl://sportzastava.ru:443	Success

2018-May-15 15:40:58 Фактическое ограничение памяти (check_memory_limit): Ok
Connection to ssl://sportzastava.ru:443	Success

Не менее 256 М
2018-May-15 15:40:58 Работа с файлами кеша (check_cache): Ok
Успешно
2018-May-15 15:40:59 Доступ к серверу обновлений (check_update): Ok
Успешно
2018-May-15 15:40:59 HTTP авторизация (check_http_auth): Ok
Connection to ssl://sportzastava.ru:443	Success

Успешно
2018-May-15 15:40:59 Создание и запуск файла (check_exec): Ok
Connection to ssl://sportzastava.ru:443	Success

Успешно
2018-May-15 15:40:59 Функция getimagesize для swf (check_getimagesize): Ok
Успешно
2018-May-15 15:40:59 Версия MySQL-сервера (check_mysql_bug_version): Ok
Успешно
2018-May-15 15:41:00 Время на БД и веб-сервере (check_mysql_time): Ok
Успешно
2018-May-15 15:41:00 Режим работы MySQL (check_mysql_mode): Ok
Успешно
2018-May-15 15:41:00 Кодировка соединения (check_mysql_connection_charset): Ok
character_set_connection=utf8, collation_connection=utf8_unicode_ci, character_set_results=utf8
Успешно
2018-May-15 15:41:00 Кодировка базы данных (check_mysql_db_charset): Ok
CHARSET=utf8, COLLATION=utf8_unicode_ci
Успешно
2018-May-15 15:41:01 Кодировки таблиц в БД (check_mysql_table_charset): Ok
Успешно
2018-May-15 15:41:01 Структура базы данных (check_mysql_table_structure): Ok
0% done
2018-May-15 15:41:01 Структура базы данных (check_mysql_table_structure): Ok
2% done
2018-May-15 15:41:01 Структура базы данных (check_mysql_table_structure): Ok
4% done
2018-May-15 15:41:01 Структура базы данных (check_mysql_table_structure): Ok
6% done
2018-May-15 15:41:01 Структура базы данных (check_mysql_table_structure): Ok
8% done
2018-May-15 15:41:02 Структура базы данных (check_mysql_table_structure): Ok
10% done
2018-May-15 15:41:02 Структура базы данных (check_mysql_table_structure): Ok
12% done
2018-May-15 15:41:03 Структура базы данных (check_mysql_table_structure): Ok
14% done
2018-May-15 15:41:03 Структура базы данных (check_mysql_table_structure): Ok
16% done
2018-May-15 15:41:05 Структура базы данных (check_mysql_table_structure): Ok
18% done
В таблице b_urlpreview_route поле ROUTE "varchar(200) NOT NULL " не соответствует описанию на диске "varchar(2000) NOT NULL "
В таблице b_urlpreview_route отсутствует индекс UX_URLPREVIEW_ROUTE_ROUTE_sc (route(255))

2018-May-15 15:41:05 Структура базы данных (check_mysql_table_structure): Ok
20% done
2018-May-15 15:41:06 Структура базы данных (check_mysql_table_structure): Ok
22% done
2018-May-15 15:41:06 Структура базы данных (check_mysql_table_structure): Ok
24% done
2018-May-15 15:41:07 Структура базы данных (check_mysql_table_structure): Ok
26% done
2018-May-15 15:41:07 Структура базы данных (check_mysql_table_structure): Ok
28% done
2018-May-15 15:41:08 Структура базы данных (check_mysql_table_structure): Ok
30% done
2018-May-15 15:41:08 Структура базы данных (check_mysql_table_structure): Ok
32% done
2018-May-15 15:41:08 Структура базы данных (check_mysql_table_structure): Ok
34% done
2018-May-15 15:41:08 Структура базы данных (check_mysql_table_structure): Ok
36% done
2018-May-15 15:41:09 Структура базы данных (check_mysql_table_structure): Ok
38% done
2018-May-15 15:41:09 Структура базы данных (check_mysql_table_structure): Ok
40% done
2018-May-15 15:41:10 Структура базы данных (check_mysql_table_structure): Ok
42% done
2018-May-15 15:41:10 Структура базы данных (check_mysql_table_structure): Ok
44% done
2018-May-15 15:41:10 Структура базы данных (check_mysql_table_structure): Ok
46% done
2018-May-15 15:41:10 Структура базы данных (check_mysql_table_structure): Ok
48% done
2018-May-15 15:41:11 Структура базы данных (check_mysql_table_structure): Ok
50% done
2018-May-15 15:41:11 Структура базы данных (check_mysql_table_structure): Ok
52% done
2018-May-15 15:41:12 Структура базы данных (check_mysql_table_structure): Ok
54% done
2018-May-15 15:41:13 Структура базы данных (check_mysql_table_structure): Ok
56% done
2018-May-15 15:41:14 Структура базы данных (check_mysql_table_structure): Ok
57% done
2018-May-15 15:41:14 Структура базы данных (check_mysql_table_structure): Ok
60% done
2018-May-15 15:41:14 Структура базы данных (check_mysql_table_structure): Ok
62% done
2018-May-15 15:41:14 Структура базы данных (check_mysql_table_structure): Ok
64% done
В таблице b_im_message отсутствует индекс IXF_IM_MESS_1 (message)
Не включен полнотекстовый индекс IXF_IM_MESS_1 (message) для таблицы b_im_message

2018-May-15 15:41:15 Структура базы данных (check_mysql_table_structure): Ok
66% done
2018-May-15 15:41:15 Структура базы данных (check_mysql_table_structure): Ok
68% done
2018-May-15 15:41:16 Структура базы данных (check_mysql_table_structure): Ok
70% done
2018-May-15 15:41:16 Структура базы данных (check_mysql_table_structure): Ok
72% done
2018-May-15 15:41:16 Структура базы данных (check_mysql_table_structure): Ok
74% done
2018-May-15 15:41:16 Структура базы данных (check_mysql_table_structure): Ok
76% done
2018-May-15 15:41:17 Структура базы данных (check_mysql_table_structure): Ok
78% done
2018-May-15 15:41:17 Структура базы данных (check_mysql_table_structure): Ok
80% done
2018-May-15 15:41:17 Структура базы данных (check_mysql_table_structure): Ok
82% done
2018-May-15 15:41:17 Структура базы данных (check_mysql_table_structure): Ok
84% done
2018-May-15 15:41:18 Структура базы данных (check_mysql_table_structure): Ok
86% done
2018-May-15 15:41:21 Структура базы данных (check_mysql_table_structure): Ok
88% done
2018-May-15 15:41:22 Структура базы данных (check_mysql_table_structure): Ok
90% done
2018-May-15 15:41:22 Структура базы данных (check_mysql_table_structure): Ok
92% done
2018-May-15 15:41:22 Структура базы данных (check_mysql_table_structure): Ok
94% done
2018-May-15 15:41:23 Структура базы данных (check_mysql_table_structure): Ok
96% done
2018-May-15 15:41:23 Структура базы данных (check_mysql_table_structure): Ok
98% done
2018-May-15 15:41:23 Структура базы данных (check_mysql_table_structure): Fail
ALTER TABLE `b_urlpreview_route` MODIFY `ROUTE` varchar(2000) NOT NULL ;
CREATE INDEX `UX_URLPREVIEW_ROUTE_ROUTE_sc` ON `b_urlpreview_route` (route(255));
CREATE FULLTEXT INDEX `IXF_IM_MESS_1` ON `b_im_message` (message);
Ошибка! Структура базы данных имеет ошибки (нет таблиц: 0, нет полей: 0, поля отличаются: 1, нет индексов: 2). Всего 4, автоматически могут быть исправлены: 4. Исправить
